SF:lib/core/network/http/exception/could_not_fetch_success_http_response.dart
DA:4,3
DA:13,1
DA:15,1
DA:16,3
DA:17,3
DA:19,1
DA:20,3
LF:7
LH:7
end_of_record
SF:lib/core/network/http/exception/could_not_fetch_any_http_response.dart
DA:4,2
DA:11,1
DA:13,1
DA:14,2
DA:15,3
LF:5
LH:5
end_of_record
SF:lib/core/network/http/impl/http_http_client.dart
DA:7,1
DA:8,1
DA:13,1
DA:17,2
DA:18,4
DA:20,1
DA:23,2
DA:25,2
DA:28,2
DA:29,1
DA:31,1
DA:32,1
DA:33,1
LF:13
LH:13
end_of_record
SF:lib/feature/currency/internal/app/init/currency_feature_dic.dart
DA:13,0
DA:14,0
DA:15,0
DA:16,0
DA:18,0
DA:21,0
DA:23,0
DA:24,0
DA:26,0
DA:27,0
DA:28,0
DA:35,0
DA:37,0
DA:39,0
DA:41,0
DA:42,0
LF:16
LH:0
end_of_record
SF:lib/feature/currency/internal/domain/fetch/load/fawaz_ahmed/fawaz_ahmed_available_currency_fetcher.dart
DA:12,1
DA:16,1
DA:20,3
DA:21,1
DA:22,2
DA:25,1
DA:26,1
DA:27,2
DA:28,1
DA:29,2
DA:30,2
DA:31,2
LF:12
LH:12
end_of_record
SF:lib/feature/currency/internal/domain/populate/currency_populator.dart
DA:10,1
DA:19,1
DA:20,1
DA:21,1
DA:25,1
DA:26,2
DA:32,5
DA:33,4
DA:36,1
DA:37,2
DA:38,2
DA:40,1
DA:42,2
DA:43,1
DA:47,1
DA:48,2
DA:51,5
DA:52,3
LF:18
LH:18
end_of_record
SF:lib/feature/currency/internal/domain/repository/currency_repository_impl.dart
DA:7,0
DA:14,0
DA:16,0
DA:19,0
DA:21,0
DA:24,0
DA:26,0
DA:29,0
DA:31,0
DA:34,0
DA:36,0
DA:39,0
DA:41,0
DA:44,0
DA:46,0
DA:49,0
DA:51,0
DA:54,0
DA:56,0
DA:59,0
DA:61,0
DA:64,0
DA:66,0
DA:69,0
DA:71,0
DA:74,0
DA:76,0
DA:79,0
DA:81,0
DA:84,0
DA:86,0
LF:31
LH:0
end_of_record
SF:lib/feature/currency/internal/domain/update/internal/selection/currency_selection_corrector.dart
DA:8,1
DA:12,1
DA:15,1
DA:16,2
DA:17,1
DA:19,2
DA:21,3
DA:22,2
DA:23,2
DA:26,2
DA:29,2
DA:32,1
DA:34,1
DA:35,3
DA:36,2
DA:41,1
DA:44,1
DA:45,2
DA:46,1
DA:48,2
DA:50,3
DA:51,2
DA:52,2
DA:55,2
DA:58,2
DA:61,1
DA:63,1
DA:64,3
DA:65,2
LF:29
LH:29
end_of_record
SF:lib/feature/currency/internal/domain/update/currency_visibility_updater.dart
DA:7,1
DA:13,1
DA:17,1
DA:18,2
DA:21,3
DA:25,1
DA:26,2
DA:29,1
DA:30,2
DA:31,2
DA:35,1
DA:39,1
DA:40,2
DA:43,3
DA:47,1
DA:48,2
DA:51,1
DA:52,2
DA:53,2
LF:19
LH:19
end_of_record
SF:lib/feature/currency/internal/infra/data_source/currency_hive_data_source.dart
DA:8,0
DA:14,0
DA:15,0
DA:16,0
DA:21,0
DA:23,0
DA:24,0
DA:27,0
DA:29,0
DA:30,0
DA:33,0
DA:35,0
DA:36,0
DA:39,0
DA:41,0
DA:42,0
DA:45,0
DA:47,0
DA:48,0
DA:49,0
DA:50,0
DA:53,0
DA:55,0
DA:56,0
DA:57,0
DA:58,0
DA:59,0
DA:62,0
DA:64,0
DA:65,0
DA:68,0
DA:70,0
DA:71,0
DA:72,0
DA:73,0
DA:76,0
DA:78,0
DA:79,0
DA:80,0
DA:81,0
DA:82,0
DA:85,0
DA:87,0
DA:88,0
DA:89,0
DA:90,0
DA:93,0
DA:95,0
DA:96,0
DA:97,0
DA:98,0
DA:99,0
DA:102,0
DA:104,0
DA:105,0
DA:106,0
DA:107,0
DA:110,0
DA:112,0
DA:113,0
DA:114,0
LF:61
LH:0
end_of_record
SF:lib/feature/currency/internal/infra/data_source/update_time_shared_prefs_data_source.dart
DA:6,0
DA:12,0
DA:14,0
DA:15,0
DA:19,0
DA:20,0
DA:23,0
DA:25,0
DA:26,0
DA:27,0
LF:10
LH:0
end_of_record
SF:lib/feature/currency/internal/app/init/currency_feature_initializer.dart
DA:5,0
DA:6,0
LF:2
LH:0
end_of_record
SF:lib/feature/currency/internal/domain/model/currency.dart
DA:9,6
DA:11,18
DA:23,1
DA:29,1
DA:30,1
DA:31,0
DA:32,0
DA:33,1
DA:37,5
DA:41,4
DA:42,12
DA:43,12
DA:44,12
DA:45,12
DA:48,1
DA:50,3
DA:51,3
DA:52,3
DA:53,2
LF:19
LH:17
end_of_record
SF:lib/feature/currency/internal/domain/model/currency.g.dart
DA:13,0
DA:15,0
DA:16,0
DA:17,0
DA:19,0
DA:20,0
DA:21,0
DA:22,0
DA:23,0
DA:27,0
DA:30,0
DA:31,0
DA:32,0
DA:33,0
DA:34,0
DA:35,0
DA:36,0
DA:37,0
DA:38,0
DA:41,0
DA:42,0
DA:44,0
DA:47,0
DA:48,0
DA:49,0
LF:25
LH:0
end_of_record
SF:lib/feature/currency/internal/domain/collect/currency_collector.dart
DA:6,2
DA:8,2
DA:9,4
DA:10,2
DA:11,2
DA:17,2
DA:18,4
DA:19,2
DA:20,4
DA:21,4
LF:10
LH:10
end_of_record
SF:lib/feature/currency/internal/domain/fetch/load/exception/could_not_fetch_exchange_rate.dart
DA:4,2
DA:11,1
DA:13,1
DA:14,3
DA:15,3
LF:5
LH:5
end_of_record
SF:lib/feature/setting/internal/domain/model/setting_model.dart
DA:6,1
DA:19,2
DA:21,2
DA:23,2
DA:25,2
DA:27,2
DA:29,2
DA:31,2
DA:35,1
DA:36,3
DA:37,3
DA:38,3
DA:39,1
DA:40,2
DA:41,2
DA:42,2
DA:43,1
DA:44,2
DA:45,1
DA:46,2
DA:50,1
DA:51,1
DA:52,3
DA:53,1
DA:56,0
DA:58,0
DA:59,0
DA:63,1
DA:64,1
DA:65,3
DA:66,1
DA:69,1
DA:70,1
DA:71,3
DA:72,1
DA:75,1
DA:76,1
DA:77,1
DA:78,2
DA:79,1
DA:82,1
DA:83,1
DA:84,1
DA:85,2
DA:86,1
DA:89,1
DA:90,1
DA:91,1
DA:92,2
DA:93,1
DA:96,1
DA:97,1
DA:98,1
DA:99,2
DA:100,1
LF:55
LH:52
end_of_record
SF:lib/feature/currency/internal/ui/setting/currency_checkbox.dart
DA:9,0
DA:12,0
DA:18,0
DA:19,0
DA:25,0
DA:27,0
DA:28,0
DA:31,0
DA:33,0
DA:34,0
DA:35,0
DA:36,0
DA:37,0
DA:38,0
DA:39,0
DA:41,0
DA:42,0
DA:43,0
DA:44,0
DA:45,0
DA:46,0
DA:47,0
DA:49,0
DA:50,0
LF:24
LH:0
end_of_record
SF:lib/feature/currency/internal/ui/setting/currency_setting_one_letter_tab.dart
DA:9,0
DA:14,0
DA:20,0
DA:22,0
DA:23,0
DA:24,0
DA:25,0
DA:26,0
DA:27,0
DA:28,0
DA:33,0
DA:35,0
DA:36,0
DA:37,0
DA:38,0
DA:39,0
DA:40,0
DA:41,0
DA:42,0
DA:43,0
DA:45,0
DA:46,0
DA:47,0
DA:48,0
DA:56,0
DA:57,0
DA:58,0
DA:59,0
DA:60,0
DA:61,0
DA:62,0
DA:63,0
DA:65,0
DA:66,0
DA:67,0
DA:70,0
DA:71,0
DA:73,0
DA:74,0
DA:75,0
DA:78,0
DA:79,0
DA:81,0
DA:82,0
DA:83,0
DA:86,0
DA:87,0
DA:89,0
DA:90,0
DA:91,0
DA:98,0
DA:99,0
DA:100,0
DA:101,0
DA:102,0
DA:104,0
DA:107,0
DA:108,0
DA:110,0
DA:113,0
DA:114,0
DA:115,0
DA:117,0
DA:118,0
DA:119,0
LF:65
LH:0
end_of_record
SF:lib/feature/currency/public/currency_feature_facade.dart
DA:7,0
DA:8,0
DA:9,0
DA:17,0
DA:18,0
DA:24,0
DA:25,0
DA:31,0
DA:32,0
DA:38,0
DA:39,0
DA:40,0
LF:12
LH:0
end_of_record
SF:lib/feature/currency/internal/ui/setting/currency_setting_widget.dart
DA:10,0
DA:13,0
DA:18,0
DA:20,0
DA:21,0
DA:22,0
DA:23,0
DA:24,0
DA:25,0
DA:26,0
DA:30,0
DA:31,0
DA:32,0
DA:33,0
DA:34,0
DA:35,0
DA:37,0
DA:38,0
DA:39,0
DA:43,0
DA:46,0
LF:21
LH:0
end_of_record
SF:lib/front/ui/widget/standard_error_label.dart
DA:7,0
DA:8,0
DA:10,0
DA:12,0
DA:16,0
DA:18,0
DA:19,0
DA:20,0
DA:22,0
DA:28,0
DA:30,0
LF:11
LH:0
end_of_record
SF:lib/front/ui/widget/standard_progress_indicator.dart
DA:5,0
DA:7,0
DA:9,0
DA:10,0
DA:11,0
DA:13,0
DA:14,0
DA:17,0
DA:19,0
DA:20,0
DA:21,0
LF:11
LH:0
end_of_record
SF:lib/feature/setting/internal/domain/model/setting_model_manager.dart
DA:8,1
DA:13,1
DA:14,2
DA:18,1
DA:19,1
DA:20,1
DA:24,1
DA:25,2
DA:28,1
DA:29,2
DA:33,1
DA:34,2
DA:37,1
DA:38,2
DA:42,1
DA:43,2
DA:46,1
DA:48,2
DA:51,2
DA:52,1
DA:53,1
DA:54,1
DA:59,1
DA:60,2
DA:64,1
DA:67,2
DA:70,2
DA:71,1
DA:72,1
DA:73,2
DA:74,2
DA:75,1
DA:77,1
DA:82,1
DA:83,2
DA:87,1
DA:89,2
DA:91,1
DA:92,2
DA:97,1
DA:99,2
DA:102,1
DA:104,2
DA:106,1
DA:107,2
DA:112,1
DA:114,2
LF:47
LH:47
end_of_record
SF:lib/core/network/http/impl/dio_http_client.dart
DA:7,1
DA:8,1
DA:13,1
DA:17,1
DA:20,2
DA:22,1
DA:23,3
DA:26,2
DA:27,1
DA:29,1
DA:30,1
DA:31,1
LF:12
LH:12
end_of_record
SF:lib/feature/conversion/internal/domain/calculate/currency_converter.dart
DA:2,1
DA:3,2
DA:4,2
DA:5,1
LF:4
LH:4
end_of_record
SF:lib/feature/conversion/internal/domain/fetch/cache/impl/rate_memory_cacher.dart
DA:9,2
DA:13,3
DA:15,1
DA:16,1
DA:17,2
DA:18,2
DA:20,4
DA:21,4
DA:22,2
DA:26,2
DA:27,1
DA:30,1
DA:33,1
DA:35,1
DA:36,1
DA:40,3
DA:42,2
DA:45,1
DA:46,2
LF:19
LH:19
end_of_record
SF:lib/feature/conversion/internal/domain/model/exchange_rate_record.dart
DA:8,3
DA:27,1
DA:33,1
DA:34,0
DA:35,0
DA:36,0
DA:37,0
DA:41,1
DA:42,1
DA:43,1
DA:44,1
DA:45,1
DA:46,1
LF:13
LH:9
end_of_record
SF:lib/feature/conversion/internal/domain/model/exchange_rate_record.g.dart
DA:13,0
DA:15,0
DA:16,0
DA:17,0
DA:19,0
DA:20,0
DA:21,0
DA:22,0
DA:23,0
DA:27,0
DA:30,0
DA:31,0
DA:32,0
DA:33,0
DA:34,0
DA:35,0
DA:36,0
DA:37,0
DA:38,0
DA:41,0
DA:42,0
DA:44,0
DA:47,0
DA:48,0
DA:49,0
LF:25
LH:0
end_of_record
SF:lib/feature/conversion/internal/domain/fetch/cache/impl/rate_repository_cacher.dart
DA:7,2
DA:14,1
DA:16,1
DA:18,2
DA:20,4
DA:21,4
DA:22,1
DA:25,2
DA:32,1
DA:34,1
DA:35,1
DA:39,3
DA:41,2
DA:44,1
DA:46,2
LF:15
LH:15
end_of_record
SF:lib/feature/conversion/internal/domain/fetch/load/exception/could_not_fetch_exchange_rate.dart
DA:4,2
DA:11,1
DA:13,1
DA:14,3
DA:15,3
LF:5
LH:5
end_of_record
SF:lib/feature/conversion/internal/domain/fetch/load/fawaz_ahmed/fawaz_ahmed_rate_data.dart
DA:7,2
DA:12,2
DA:14,2
DA:15,2
DA:16,2
DA:17,4
LF:6
LH:6
end_of_record
SF:lib/feature/conversion/internal/domain/fetch/load/fawaz_ahmed/fawaz_ahmed_rate_fetcher.dart
DA:10,2
DA:14,1
DA:17,1
DA:18,1
DA:20,3
DA:23,2
DA:24,1
DA:25,2
DA:29,1
DA:30,1
LF:10
LH:10
end_of_record
SF:lib/feature/conversion/internal/domain/fetch/rate_cached_fetcher.dart
DA:5,2
DA:10,2
DA:11,2
DA:13,1
DA:17,2
DA:22,2
DA:24,2
LF:7
LH:7
end_of_record
SF:lib/feature/conversion/internal/domain/config/conversion_config.dart
DA:5,1
LF:1
LH:1
end_of_record
SF:lib/feature/conversion/internal/domain/fetch/load/fixer_io/fixer_io_rate_fetcher.dart
DA:10,1
DA:15,0
DA:18,0
DA:19,0
DA:26,0
DA:27,0
DA:28,0
DA:29,0
DA:32,0
DA:33,0
DA:34,0
DA:36,0
LF:12
LH:1
end_of_record
SF:lib/feature/conversion/internal/domain/fetch/rate_fetcher_factory.dart
DA:16,1
DA:27,1
DA:28,2
DA:29,2
DA:30,2
DA:31,2
DA:32,1
DA:33,2
DA:34,3
DA:37,2
DA:38,2
DA:39,2
DA:40,1
DA:41,1
DA:42,2
DA:43,3
DA:45,1
LF:17
LH:17
end_of_record
SF:lib/feature/conversion/internal/domain/validate/conversion_validation_result.dart
DA:10,1
DA:12,1
DA:13,2
DA:16,0
DA:17,0
DA:20,2
LF:6
LH:4
end_of_record
SF:lib/feature/conversion/internal/domain/validate/conversion_validator.dart
DA:4,1
DA:10,1
DA:12,1
DA:13,1
DA:16,1
DA:17,1
DA:20,1
DA:21,1
DA:25,1
DA:27,1
DA:28,1
DA:30,1
LF:12
LH:12
end_of_record
SF:lib/feature/history/internal/domain/last_history/model/last_history_model.dart
DA:7,1
DA:15,2
DA:21,1
DA:22,2
DA:23,2
DA:24,2
DA:26,2
DA:27,5
DA:28,1
DA:31,1
DA:33,1
DA:39,3
DA:40,2
DA:41,1
DA:49,1
DA:50,1
DA:51,2
DA:52,1
DA:58,1
DA:59,4
LF:20
LH:20
end_of_record
SF:lib/feature/history/internal/domain/model/conversion_history_record.dart
DA:8,1
DA:34,0
DA:42,0
DA:43,0
DA:44,0
DA:45,0
DA:46,0
DA:47,0
DA:48,0
DA:52,1
DA:53,1
DA:54,1
DA:55,1
DA:56,1
DA:57,1
DA:58,1
DA:59,1
LF:17
LH:9
end_of_record
SF:lib/feature/history/internal/domain/model/conversion_history_record.g.dart
DA:14,0
DA:16,0
DA:17,0
DA:18,0
DA:20,0
DA:21,0
DA:22,0
DA:23,0
DA:24,0
DA:25,0
DA:26,0
DA:30,0
DA:33,0
DA:34,0
DA:35,0
DA:36,0
DA:37,0
DA:38,0
DA:39,0
DA:40,0
DA:41,0
DA:42,0
DA:43,0
DA:44,0
DA:45,0
DA:48,0
DA:49,0
DA:51,0
DA:54,0
DA:55,0
DA:56,0
LF:31
LH:0
end_of_record
